Added Component: Designator=C1(CAPC0603(1608)100_M)
Added Component: Designator=C1(CAPC0603(1608)100_M)
Added Component: Designator=C2(CAPC0603(1608)100_M)
Added Component: Designator=C3(CAPC0603(1608)100_M)
Added Component: Designator=C4(CAPC0603(1608)100_M)
Added Component: Designator=C5(CAPC0603(1608)100_M)
Added Component: Designator=C6(CAPC0603(1608)100_M)
Added Component: Designator=C7(CAPC0603(1608)100_M)
Added Component: Designator=C8(CAPC0603(1608)100_M)
Added Component: Designator=C9(CAPC0603(1608)100_M)
Added Component: Designator=C10(CAPC0603(1608)100_M)
Added Component: Designator=DS1(KING-LED0603-25-RED_V)
Added Component: Designator=DS2(KING-LED0603-25-RED_V)
Added Component: Designator=DS3(KING-LED0603-25-RED_V)
Added Component: Designator=J1(FCI-10057202-R00LF_V)
Added Component: Designator=P1(HDR1X20)
Added Component: Designator=P1(HDR1X3)
Added Component: Designator=P2(HDR1X20)
Added Component: Designator=P2(HDR1X3)
Added Component: Designator=R1(RESC0603(1608)_N)
Added Component: Designator=R2(RESC0603(1608)_N)
Added Component: Designator=R3(RESC0603(1608)_N)
Added Component: Designator=R4(RESC0603(1608)_N)
Added Component: Designator=R5(RESC0603(1608)_N)
Added Component: Designator=R6(RESC0603(1608)_N)
Added Component: Designator=R7(RESC0603(1608)_N)
Added Component: Designator=R8(RESC0603(1608)_N)
Added Component: Designator=R9(RESC0603(1608)_N)
Added Component: Designator=R10(RESC0603(1608)_N)
Added Component: Designator=R11(RESC0603(1608)_N)
Added Component: Designator=R12(RESC0603(1608)_N)
Added Component: Designator=R?(RESC0603(1608)_N)
Added Component: Designator=U1(STM-LQFP48_N)
Added Component: Designator=U1(STM-LQFP48_N)
Added Component: Designator=U2(SOT-23A-CB3_N)
Added Component: Designator=U2(MF03A_L)
Added Component: Designator=X1(ABRA-ABLS2-2_V)
Added Component: Designator=X1(ABRA-ABS07-2_V)
Added Component: Designator=X1(ABRA-ABLS2-2_V)
Added Pin To Net: NetName=3V3 Pin=C3-2
Added Pin To Net: NetName=3V3 Pin=C6-2
Added Pin To Net: NetName=3V3 Pin=C7-1
Added Pin To Net: NetName=3V3 Pin=C8-1
Added Pin To Net: NetName=3V3 Pin=C9-1
Added Pin To Net: NetName=3V3 Pin=C10-2
Added Pin To Net: NetName=3V3 Pin=DS2-1
Added Pin To Net: NetName=3V3 Pin=R2-2
Added Pin To Net: NetName=3V3 Pin=R3-2
Added Pin To Net: NetName=3V3 Pin=R12-1
Added Pin To Net: NetName=3V3 Pin=U1-9
Added Pin To Net: NetName=3V3 Pin=U1-24
Added Pin To Net: NetName=3V3 Pin=U1-36
Added Pin To Net: NetName=3V3 Pin=U1-48
Added Pin To Net: NetName=3V3 Pin=U2-1
Added Net: Name=3V3
Added Pin To Net: NetName=5V Pin=C4-2
Added Pin To Net: NetName=5V Pin=J1-1
Added Pin To Net: NetName=5V Pin=U1-1
Added Pin To Net: NetName=5V Pin=U2-2
Added Net: Name=5V
Added Pin To Net: NetName=GND Pin=C1-2
Added Pin To Net: NetName=GND Pin=C2-2
Added Pin To Net: NetName=GND Pin=C3-1
Added Pin To Net: NetName=GND Pin=C4-1
Added Pin To Net: NetName=GND Pin=C5-2
Added Pin To Net: NetName=GND Pin=C6-1
Added Pin To Net: NetName=GND Pin=C7-2
Added Pin To Net: NetName=GND Pin=C8-2
Added Pin To Net: NetName=GND Pin=C9-2
Added Pin To Net: NetName=GND Pin=C10-1
Added Pin To Net: NetName=GND Pin=DS1-2
Added Pin To Net: NetName=GND Pin=DS3-2
Added Pin To Net: NetName=GND Pin=J1-4
Added Pin To Net: NetName=GND Pin=J1-5
Added Pin To Net: NetName=GND Pin=J1-6
Added Pin To Net: NetName=GND Pin=J1-7
Added Pin To Net: NetName=GND Pin=J1-8
Added Pin To Net: NetName=GND Pin=J1-9
Added Pin To Net: NetName=GND Pin=P1-2
Added Pin To Net: NetName=GND Pin=P2-2
Added Pin To Net: NetName=GND Pin=R1-1
Added Pin To Net: NetName=GND Pin=R4-1
Added Pin To Net: NetName=GND Pin=U1-8
Added Pin To Net: NetName=GND Pin=U1-23
Added Pin To Net: NetName=GND Pin=U1-35
Added Pin To Net: NetName=GND Pin=U1-44
Added Pin To Net: NetName=GND Pin=U1-47
Added Pin To Net: NetName=GND Pin=U2-3
Added Net: Name=GND
Added Pin To Net: NetName=NetC1_1 Pin=C1-1
Added Pin To Net: NetName=NetC1_1 Pin=U1-5
Added Pin To Net: NetName=NetC1_1 Pin=X1-1
Added Net: Name=NetC1_1
Added Pin To Net: NetName=NetC2_1 Pin=C2-1
Added Pin To Net: NetName=NetC2_1 Pin=U1-6
Added Pin To Net: NetName=NetC2_1 Pin=X1-2
Added Net: Name=NetC2_1
Added Pin To Net: NetName=NetC5_1 Pin=C5-1
Added Pin To Net: NetName=NetC5_1 Pin=R2-1
Added Pin To Net: NetName=NetC5_1 Pin=U1-7
Added Net: Name=NetC5_1
Added Pin To Net: NetName=NetDS1_1 Pin=DS1-1
Added Pin To Net: NetName=NetDS1_1 Pin=R12-2
Added Net: Name=NetDS1_1
Added Pin To Net: NetName=NetDS2_2 Pin=DS2-2
Added Pin To Net: NetName=NetDS2_2 Pin=R10-1
Added Net: Name=NetDS2_2
Added Pin To Net: NetName=NetDS3_1 Pin=DS3-1
Added Pin To Net: NetName=NetDS3_1 Pin=R9-1
Added Net: Name=NetDS3_1
Added Pin To Net: NetName=NetJ1_2 Pin=J1-2
Added Pin To Net: NetName=NetJ1_2 Pin=R5-1
Added Net: Name=NetJ1_2
Added Pin To Net: NetName=NetJ1_3 Pin=J1-3
Added Pin To Net: NetName=NetJ1_3 Pin=R6-1
Added Net: Name=NetJ1_3
Added Pin To Net: NetName=NetP1_1 Pin=P1-1
Added Pin To Net: NetName=NetP1_1 Pin=R8-1
Added Net: Name=NetP1_1
Added Pin To Net: NetName=NetP1_3 Pin=P1-3
Added Pin To Net: NetName=NetP1_3 Pin=R7-1
Added Net: Name=NetP1_3
Added Pin To Net: NetName=NetP2_1 Pin=P2-1
Added Pin To Net: NetName=NetP2_1 Pin=U1-37
Added Net: Name=NetP2_1
Added Pin To Net: NetName=NetP2_3 Pin=P2-3
Added Pin To Net: NetName=NetP2_3 Pin=U1-34
Added Net: Name=NetP2_3
Added Pin To Net: NetName=NetR1_2 Pin=R1-2
Added Pin To Net: NetName=NetR1_2 Pin=U1-2
Added Net: Name=NetR1_2
Added Pin To Net: NetName=NetR3_1 Pin=R3-1
Added Pin To Net: NetName=NetR3_1 Pin=R4-2
Added Pin To Net: NetName=NetR3_1 Pin=U1-10
Added Net: Name=NetR3_1
Added Pin To Net: NetName=NetR5_2 Pin=R5-2
Added Pin To Net: NetName=NetR5_2 Pin=U1-32
Added Net: Name=NetR5_2
Added Pin To Net: NetName=NetR6_2 Pin=R6-2
Added Pin To Net: NetName=NetR6_2 Pin=U1-33
Added Net: Name=NetR6_2
Added Pin To Net: NetName=NetR7_2 Pin=R7-2
Added Pin To Net: NetName=NetR7_2 Pin=U1-26
Added Net: Name=NetR7_2
Added Pin To Net: NetName=NetR8_2 Pin=R8-2
Added Pin To Net: NetName=NetR8_2 Pin=R11-1
Added Pin To Net: NetName=NetR8_2 Pin=U1-27
Added Net: Name=NetR8_2
Added Pin To Net: NetName=NetR9_2 Pin=R9-2
Added Pin To Net: NetName=NetR9_2 Pin=R10-2
Added Pin To Net: NetName=NetR9_2 Pin=U1-30
Added Net: Name=NetR9_2
Added Pin To Net: NetName=NetR11_2 Pin=R11-2
Added Pin To Net: NetName=NetR11_2 Pin=U1-25
Added Net: Name=NetR11_2
Added Pin To Net: NetName=VCC Pin=U1-1
Added Net: Name=VCC
Added Class: Name=Sheet2
Added Class: Name=universal_stm32
Added Room: Name=Sheet2
Added Room: Name=universal_stm32
