Removed Pin From Net: NetName=NetC1_1 Pin=C1-1
Removed Pin From Net: NetName=GND Pin=C1-2
Removed Pin From Net: NetName=NetP1_1 Pin=P1-1
Removed Pin From Net: NetName=GND Pin=P1-2
Removed Pin From Net: NetName=NetP1_3 Pin=P1-3
Removed Pin From Net: NetName=NetP2_1 Pin=P2-1
Removed Pin From Net: NetName=GND Pin=P2-2
Removed Pin From Net: NetName=NetP2_3 Pin=P2-3
Removed Pin From Net: NetName=NetR1_2 Pin=U1-2
Removed Pin From Net: NetName=NetC1_1 Pin=U1-5
Removed Pin From Net: NetName=NetC2_1 Pin=U1-6
Removed Pin From Net: NetName=NetC5_1 Pin=U1-7
Removed Pin From Net: NetName=GND Pin=U1-8
Removed Pin From Net: NetName=3V3 Pin=U1-9
Removed Pin From Net: NetName=NetR3_1 Pin=U1-10
Removed Pin From Net: NetName=GND Pin=U1-23
Removed Pin From Net: NetName=3V3 Pin=U1-24
Removed Pin From Net: NetName=NetR11_2 Pin=U1-25
Removed Pin From Net: NetName=NetR7_2 Pin=U1-26
Removed Pin From Net: NetName=NetR8_2 Pin=U1-27
Removed Pin From Net: NetName=NetR9_2 Pin=U1-30
Removed Pin From Net: NetName=NetR5_2 Pin=U1-32
Removed Pin From Net: NetName=NetR6_2 Pin=U1-33
Removed Pin From Net: NetName=NetP2_3 Pin=U1-34
Removed Pin From Net: NetName=GND Pin=U1-35
Removed Pin From Net: NetName=3V3 Pin=U1-36
Removed Pin From Net: NetName=NetP2_1 Pin=U1-37
Removed Pin From Net: NetName=GND Pin=U1-44
Removed Pin From Net: NetName=GND Pin=U1-47
Removed Pin From Net: NetName=3V3 Pin=U1-48
Removed Pin From Net: NetName=3V3 Pin=U2-1
Removed Pin From Net: NetName=5V Pin=U2-2
Removed Pin From Net: NetName=GND Pin=U2-3
Removed Pin From Net: NetName=NetC1_1 Pin=X1-1
Removed Pin From Net: NetName=NetC2_1 Pin=X1-2
Change Component DesignItemId : Designator=C1 Old DesignItemId=CMP-1035-01870-1 New DesignItemId=CMP-1035-02791-1
Change Component Footprint: Designator=C1 Old Footprint=CAPC0603(1608)100_M New Footprint=CAPC0603(1608)100_L
Change Component Comment : Designator=C1 Old Comment=CAP 0.1uF 6.3V 0603(1608) New Comment=CAP 6.8uF 6.3V 0603(1608)
Added Component: Designator=P1(HDR1X3)
Added Component: Designator=P2(HDR1X3)
Added Component: Designator=R?(RESC0603(1608)_N)
Added Component: Designator=U1(STM-LQFP48_N)
Added Component: Designator=U2(MF03A_L)
Added Component: Designator=X1(ABRA-ABLS2-2_V)
Added Pin To Net: NetName=GND Pin=C1-1
Added Pin To Net: NetName=NetC1_1 Pin=C1-2
Added Pin To Net: NetName=NetP1_1 Pin=P1-1
Added Pin To Net: NetName=GND Pin=P1-2
Added Pin To Net: NetName=NetP1_3 Pin=P1-3
Added Pin To Net: NetName=NetP2_1 Pin=P2-1
Added Pin To Net: NetName=GND Pin=P2-2
Added Pin To Net: NetName=NetP2_3 Pin=P2-3
Added Pin To Net: NetName=5V Pin=U1-1
Added Pin To Net: NetName=NetR1_2 Pin=U1-2
Added Pin To Net: NetName=NetC1_1 Pin=U1-5
Added Pin To Net: NetName=NetC2_1 Pin=U1-6
Added Pin To Net: NetName=NetC5_1 Pin=U1-7
Added Pin To Net: NetName=GND Pin=U1-8
Added Pin To Net: NetName=3V3 Pin=U1-9
Added Pin To Net: NetName=NetR3_1 Pin=U1-10
Added Pin To Net: NetName=GND Pin=U1-23
Added Pin To Net: NetName=3V3 Pin=U1-24
Added Pin To Net: NetName=NetR11_2 Pin=U1-25
Added Pin To Net: NetName=NetR7_2 Pin=U1-26
Added Pin To Net: NetName=NetR8_2 Pin=U1-27
Added Pin To Net: NetName=NetR9_2 Pin=U1-30
Added Pin To Net: NetName=NetR5_2 Pin=U1-32
Added Pin To Net: NetName=NetR6_2 Pin=U1-33
Added Pin To Net: NetName=NetP2_3 Pin=U1-34
Added Pin To Net: NetName=GND Pin=U1-35
Added Pin To Net: NetName=3V3 Pin=U1-36
Added Pin To Net: NetName=NetP2_1 Pin=U1-37
Added Pin To Net: NetName=GND Pin=U1-44
Added Pin To Net: NetName=GND Pin=U1-47
Added Pin To Net: NetName=3V3 Pin=U1-48
Added Pin To Net: NetName=3V3 Pin=U2-1
Added Pin To Net: NetName=5V Pin=U2-2
Added Pin To Net: NetName=GND Pin=U2-3
Added Pin To Net: NetName=NetC1_1 Pin=X1-1
Added Pin To Net: NetName=NetC2_1 Pin=X1-2
Change Net Name : Old Net Name=NetC1_1 New Net Name=NetC1_2
