Removed Pin From Net: NetName=GND Pin=C1-1
Removed Pin From Net: NetName=NetC1_2 Pin=C1-2
Removed Pin From Net: NetName=NetC2_1 Pin=C2-1
Removed Pin From Net: NetName=GND Pin=C2-2
Removed Pin From Net: NetName=NetP1_1 Pin=P1-1
Removed Pin From Net: NetName=GND Pin=P1-2
Removed Pin From Net: NetName=NetP1_3 Pin=P1-3
Removed Pin From Net: NetName=NetP2_1 Pin=P2-1
Removed Pin From Net: NetName=GND Pin=P2-2
Removed Pin From Net: NetName=NetP2_3 Pin=P2-3
Removed Pin From Net: NetName=5V Pin=U1-1
Removed Pin From Net: NetName=NetR1_2 Pin=U1-2
Removed Pin From Net: NetName=NetC1_2 Pin=U1-5
Removed Pin From Net: NetName=NetC2_1 Pin=U1-6
Removed Pin From Net: NetName=NetC5_1 Pin=U1-7
Removed Pin From Net: NetName=GND Pin=U1-8
Removed Pin From Net: NetName=3V3 Pin=U1-9
Removed Pin From Net: NetName=NetR3_1 Pin=U1-10
Removed Pin From Net: NetName=GND Pin=U1-23
Removed Pin From Net: NetName=3V3 Pin=U1-24
Removed Pin From Net: NetName=NetR11_2 Pin=U1-25
Removed Pin From Net: NetName=NetR7_2 Pin=U1-26
Removed Pin From Net: NetName=NetR8_2 Pin=U1-27
Removed Pin From Net: NetName=NetR9_2 Pin=U1-30
Removed Pin From Net: NetName=NetR5_2 Pin=U1-32
Removed Pin From Net: NetName=NetR6_2 Pin=U1-33
Removed Pin From Net: NetName=NetP2_3 Pin=U1-34
Removed Pin From Net: NetName=GND Pin=U1-35
Removed Pin From Net: NetName=3V3 Pin=U1-36
Removed Pin From Net: NetName=NetP2_1 Pin=U1-37
Removed Pin From Net: NetName=GND Pin=U1-44
Removed Pin From Net: NetName=GND Pin=U1-47
Removed Pin From Net: NetName=3V3 Pin=U1-48
Removed Pin From Net: NetName=3V3 Pin=U2-1
Removed Pin From Net: NetName=5V Pin=U2-2
Removed Pin From Net: NetName=GND Pin=U2-3
Removed Pin From Net: NetName=NetC1_2 Pin=X1-1
Removed Pin From Net: NetName=NetC2_1 Pin=X1-2
Change Component DesignItemId : Designator=U2 Old DesignItemId=CMP-0062-02201-2 New DesignItemId=CMP-0136-00799-1
Change Component DesignItemId : Designator=U1 Old DesignItemId=CMP-0237-00173-2 New DesignItemId=CMP-0237-00179-3
Change Component DesignItemId : Designator=X1 Old DesignItemId=CMP-0277-00002-1 New DesignItemId=CMP-0447-00001-2
Change Component DesignItemId : Designator=C2 Old DesignItemId=CMP-1035-01870-1 New DesignItemId=CMP-1035-02791-1
Change Component DesignItemId : Designator=C1 Old DesignItemId=CMP-1035-02791-1 New DesignItemId=CMP-1035-01870-1
Change Component DesignItemId : Designator=P1 Old DesignItemId=Header 3 New DesignItemId=Header 20
Change Component DesignItemId : Designator=P2 Old DesignItemId=Header 3 New DesignItemId=Header 20
Change Component Footprint: Designator=X1 Old Footprint=ABRA-ABLS2-2_V New Footprint=ABRA-ABS07-2_V
Change Component Footprint: Designator=C1 Old Footprint=CAPC0603(1608)100_L New Footprint=CAPC0603(1608)100_M
Change Component Footprint: Designator=C2 Old Footprint=CAPC0603(1608)100_M New Footprint=CAPC0603(1608)100_N
Change Component Footprint: Designator=P1 Old Footprint=HDR1X3 New Footprint=HDR1X20
Change Component Footprint: Designator=P2 Old Footprint=HDR1X3 New Footprint=HDR1X20
Change Component Footprint: Designator=U2 Old Footprint=MF03A_L New Footprint=SOT-23A-CB3_N
Change Component Comment : Designator=X1 Old Comment=8MHz New Comment=ABS07-32.768KHz-T
Change Component Comment : Designator=C2 Old Comment=CAP 0.1uF 6.3V 0603(1608) New Comment=CAP 6.8uF 6.3V 0603(1608)
Change Component Comment : Designator=C1 Old Comment=CAP 6.8uF 6.3V 0603(1608) New Comment=CAP 0.1uF 6.3V 0603(1608)
Change Component Comment : Designator=P1 Old Comment=Header 3 New Comment=Header 20
Change Component Comment : Designator=P2 Old Comment=Header 3 New Comment=Header 20
Change Component Comment : Designator=U2 Old Comment=LM3480IM3-3.3 New Comment=MCP1702T-3302E/CB
Change Component Comment : Designator=U1 Old Comment=STM32F102C8T6 New Comment=STM32F102C4T6A
Change Component Description : Designator=U1 Old Description=ARM Cortex-M3 32-bit MCU, 64 KB Flash, 10 KB Internal RAM, 37 I/Os, 48-pin LQFP, -40 to 85 degC, Tray New Description=ARM Cortex-M3 32-bit MCU, 16 KB Flash, 4 KB Internal RAM, 37 I/Os, 48-pin LQFP, -40 to 85 degC, Tray
Added Component: Designator=C1(CAPC0603(1608)100_N)
Added Component: Designator=P1(HDR1X3)
Added Component: Designator=P2(HDR1X3)
Added Component: Designator=R?(RESC0603(1608)_N)
Added Component: Designator=U1(STM-LQFP48_N)
Added Component: Designator=U2(MF03A_L)
Added Component: Designator=X1(ABRA-ABLS2-2_V)
Added Component: Designator=X1(ABRA-ABLS2-2_V)
Added Pin To Net: NetName=GND Pin=C1-1
Added Pin To Net: NetName=NetC1_2 Pin=C1-2
Added Pin To Net: NetName=GND Pin=C2-1
Added Pin To Net: NetName=NetC2_1 Pin=C2-2
Added Pin To Net: NetName=NetP1_1 Pin=P1-1
Added Pin To Net: NetName=GND Pin=P1-2
Added Pin To Net: NetName=NetP1_3 Pin=P1-3
Added Pin To Net: NetName=NetP2_1 Pin=P2-1
Added Pin To Net: NetName=GND Pin=P2-2
Added Pin To Net: NetName=NetP2_3 Pin=P2-3
Added Pin To Net: NetName=5V Pin=U1-1
Added Pin To Net: NetName=VCC Pin=U1-1
Added Pin To Net: NetName=NetR1_2 Pin=U1-2
Added Pin To Net: NetName=NetC1_2 Pin=U1-5
Added Pin To Net: NetName=NetC2_1 Pin=U1-6
Added Pin To Net: NetName=NetC5_1 Pin=U1-7
Added Pin To Net: NetName=GND Pin=U1-8
Added Pin To Net: NetName=3V3 Pin=U1-9
Added Pin To Net: NetName=NetR3_1 Pin=U1-10
Added Pin To Net: NetName=GND Pin=U1-23
Added Pin To Net: NetName=3V3 Pin=U1-24
Added Pin To Net: NetName=NetR11_2 Pin=U1-25
Added Pin To Net: NetName=NetR7_2 Pin=U1-26
Added Pin To Net: NetName=NetR8_2 Pin=U1-27
Added Pin To Net: NetName=NetR9_2 Pin=U1-30
Added Pin To Net: NetName=NetR5_2 Pin=U1-32
Added Pin To Net: NetName=NetR6_2 Pin=U1-33
Added Pin To Net: NetName=NetP2_3 Pin=U1-34
Added Pin To Net: NetName=GND Pin=U1-35
Added Pin To Net: NetName=3V3 Pin=U1-36
Added Pin To Net: NetName=NetP2_1 Pin=U1-37
Added Pin To Net: NetName=GND Pin=U1-44
Added Pin To Net: NetName=GND Pin=U1-47
Added Pin To Net: NetName=3V3 Pin=U1-48
Added Pin To Net: NetName=3V3 Pin=U2-1
Added Pin To Net: NetName=5V Pin=U2-2
Added Pin To Net: NetName=GND Pin=U2-3
Added Pin To Net: NetName=NetC1_2 Pin=X1-1
Added Pin To Net: NetName=NetC2_1 Pin=X1-2
Change Net Name : Old Net Name=NetC2_1 New Net Name=NetC2_2
Added Member To Class: ClassName=Sheet2 Member=Component C1 CAP 6.8uF 6.3V 0603(1608)
Added Member To Class: ClassName=universal_stm32 Member=Component C1 CAP 0.1uF 6.3V 0603(1608)
Added Member To Class: ClassName=Sheet2 Member=Component P1 Header 3
Added Member To Class: ClassName=universal_stm32 Member=Component P1 Header 20
Added Member To Class: ClassName=Sheet2 Member=Component P2 Header 3
Added Member To Class: ClassName=universal_stm32 Member=Component P2 Header 20
Added Member To Class: ClassName=universal_stm32 Member=Component R? 100
Added Member To Class: ClassName=Sheet2 Member=Component U1 STM32F102C8T6
Added Member To Class: ClassName=universal_stm32 Member=Component U1 STM32F102C4T6A
Added Member To Class: ClassName=Sheet2 Member=Component U2 LM3480IM3-3.3
Added Member To Class: ClassName=universal_stm32 Member=Component U2 MCP1702T-3302E/CB
Added Member To Class: ClassName=Sheet2 Member=Component X1 8MHz
Added Member To Class: ClassName=universal_stm32 Member=Component X1 12MHz
Added Member To Class: ClassName=universal_stm32 Member=Component X1 ABS07-32.768KHz-T
