Removed Pin From Net: NetName=5V_BATT Pin=P5-1
Removed Pin From Net: NetName=5V Pin=P5-2
Removed Pin From Net: NetName=5V_USB Pin=P5-3
Removed Pin From Net: NetName=5V_USB Pin=R1-1
Removed Member From Class: ClassName=03 Member=D6
Removed Member From Class: ClassName=03 Member=P5
Change Component Comment : Designator=R1 Old Comment=10K New Comment=0
Change Component Designator: OldDesignator=D1 NewDesignator=LED1
Change Component Designator: OldDesignator=D2 NewDesignator=LED2
Change Component Designator: OldDesignator=D3 NewDesignator=LED3
Change Component Designator: OldDesignator=D5 NewDesignator=D1
Change Component Designator: OldDesignator=D6 NewDesignator=D2
Added Component: Designator=C16(1608[0603])
Added Component: Designator=D5(DIOM4336X25N)
Added Component: Designator=LED4(3.2X1.6X1.1)
Added Component: Designator=LED5(3.2X1.6X1.1)
Added Component: Designator=LED6(3.2X1.6X1.1)
Added Component: Designator=R13(1608[0603])
Added Component: Designator=R14(1608[0603])
Added Component: Designator=R15(1608[0603])
Added Component: Designator=TP3(PAD1)
Added Component: Designator=TP4(PAD1)
Added Component: Designator=TP5(PAD1)
Added Pin To Net: NetName=3V3 Pin=C16-1
Added Pin To Net: NetName=GND Pin=C16-2
Added Pin To Net: NetName=5V_BATT Pin=D5-1
Added Pin To Net: NetName=NetD4_2 Pin=D5-2
Added Pin To Net: NetName=5V_USB Pin=LED4-1
Added Pin To Net: NetName=5V Pin=R1-1
Added Pin To Net: NetName=5V_USB Pin=R13-1
Added Pin To Net: NetName=GND Pin=R13-2
Added Pin To Net: NetName=GND Pin=R14-2
Added Pin To Net: NetName=GND Pin=R15-2
Added Pin To Net: NetName=GND Pin=U?-1
Added Pin To Net: NetName=UART_RX Pin=U?-5
Added Pin To Net: NetName=UART_TX Pin=U?-6
Added Pin To Net: NetName=GND Pin=U?-9
Added Pin To Net: NetName=GND Pin=U?-16
Added Pin To Net: NetName=3V3 Pin=U?-23
Added Pin To Net: NetName=GND Pin=U?-24
Change Net Name : Old Net Name=5V_USB New Net Name=NetLED4_1
Change Net Name : Old Net Name=NetD1_2 New Net Name=NetLED1_2
Change Net Name : Old Net Name=NetD2_2 New Net Name=NetLED2_2
Change Net Name : Old Net Name=NetD3_2 New Net Name=NetLED3_2
Change Net Name : Old Net Name=NetD5_1 New Net Name=NetD1_1
Change Net Name : Old Net Name=NetD6_1 New Net Name=NetD2_1
Added Pin To Net: NetName=NetLED4_2 Pin=LED4-2
Added Pin To Net: NetName=NetLED4_2 Pin=U?-10
Added Net: Name=NetLED4_2
Added Pin To Net: NetName=NetLED5_1 Pin=LED5-1
Added Pin To Net: NetName=NetLED5_1 Pin=R14-1
Added Net: Name=NetLED5_1
Added Pin To Net: NetName=NetLED5_2 Pin=LED5-2
Added Pin To Net: NetName=NetLED5_2 Pin=U?-11
Added Net: Name=NetLED5_2
Added Pin To Net: NetName=NetLED6_1 Pin=LED6-1
Added Pin To Net: NetName=NetLED6_1 Pin=R15-1
Added Net: Name=NetLED6_1
Added Pin To Net: NetName=NetLED6_2 Pin=LED6-2
Added Pin To Net: NetName=NetLED6_2 Pin=U?-12
Added Net: Name=NetLED6_2
Added Pin To Net: NetName=NetTP3_1 Pin=TP3-1
Added Pin To Net: NetName=NetTP3_1 Pin=U?-4
Added Net: Name=NetTP3_1
Added Pin To Net: NetName=NetTP4_1 Pin=TP4-1
Added Pin To Net: NetName=NetTP4_1 Pin=U?-3
Added Net: Name=NetTP4_1
Added Pin To Net: NetName=NetTP5_1 Pin=TP5-1
Added Pin To Net: NetName=NetTP5_1 Pin=U?-2
Added Net: Name=NetTP5_1
Added Member To Class: ClassName=03 Member=Component C16 4.7uF
Added Member To Class: ClassName=03 Member=Component LED1 LED2
Added Member To Class: ClassName=03 Member=Component LED2
Added Member To Class: ClassName=03 Member=Component LED4 GREEN
Added Member To Class: ClassName=03 Member=Component LED5 RED
Added Member To Class: ClassName=03 Member=Component LED6 BLUE
Added Member To Class: ClassName=03 Member=Component R13 330
Added Member To Class: ClassName=03 Member=Component R14 330
Added Member To Class: ClassName=03 Member=Component R15 330
Added Member To Class: ClassName=03 Member=Component TP3 
Added Member To Class: ClassName=03 Member=Component TP4 
Added Member To Class: ClassName=03 Member=Component TP5 
