Added Component: Designator=C1(1608[0603])
Added Component: Designator=C2(1608[0603])
Added Component: Designator=C3(1608[0603])
Added Component: Designator=C5(CAPC0603(1608)100_N)
Added Component: Designator=C6(CAPC0603(1608)100_N)
Added Component: Designator=C7(1608[0603])
Added Component: Designator=C8(1608[0603])
Added Component: Designator=C9(1608[0603])
Added Component: Designator=C10(1608[0603])
Added Component: Designator=D1(DIOM4336X25N)
Added Component: Designator=D2(DIOM4336X25N)
Added Component: Designator=J1(HDR1X10)
Added Component: Designator=J2(HDR1X10)
Added Component: Designator=LED1(KING-0603LED_YELLOW_V)
Added Component: Designator=LED2(KING-0603LED_GREEN_V)
Added Component: Designator=LED3(KING-0603LED_GREEN_V)
Added Component: Designator=LED4(KING-0603LED_ORANGE_V)
Added Component: Designator=P1(HDR1X3)
Added Component: Designator=P2(HDR1X2)
Added Component: Designator=P3(HDR1X5)
Added Component: Designator=R1(1608[0603])
Added Component: Designator=R2(1608[0603])
Added Component: Designator=R3(1608[0603])
Added Component: Designator=R4(1608[0603])
Added Component: Designator=R5(1608[0603])
Added Component: Designator=R6(1608[0603])
Added Component: Designator=R7(1608[0603])
Added Component: Designator=R8(1608[0603])
Added Component: Designator=R9(1608[0603])
Added Component: Designator=R10(1608[0603])
Added Component: Designator=R11(1608[0603])
Added Component: Designator=R12(1608[0603])
Added Component: Designator=R13(1608[0603])
Added Component: Designator=R14(1608[0603])
Added Component: Designator=R15(1608[0603])
Added Component: Designator=R16(1608[0603])
Added Component: Designator=TP1(PAD1)
Added Component: Designator=TP2(PAD1)
Added Component: Designator=U1(STM-TSSOP20_L)
Added Component: Designator=U2(SOT223_L)
Added Component: Designator=U3(D8_L)
Added Component: Designator=U4(SSOP-16_L)
Added Component: Designator=USB1(USB/SM0.8-6H5)
Added Component: Designator=X1(ABRA-ABLS2-2_V)
Added Pin To Net: NetName=3V3 Pin=C2-2
Added Pin To Net: NetName=3V3 Pin=C3-2
Added Pin To Net: NetName=3V3 Pin=J1-9
Added Pin To Net: NetName=3V3 Pin=P1-1
Added Pin To Net: NetName=3V3 Pin=P3-1
Added Pin To Net: NetName=3V3 Pin=R2-1
Added Pin To Net: NetName=3V3 Pin=R3-2
Added Pin To Net: NetName=3V3 Pin=R5-1
Added Pin To Net: NetName=3V3 Pin=R7-1
Added Pin To Net: NetName=3V3 Pin=R8-1
Added Pin To Net: NetName=3V3 Pin=R11-2
Added Pin To Net: NetName=3V3 Pin=R12-2
Added Pin To Net: NetName=3V3 Pin=R14-1
Added Pin To Net: NetName=3V3 Pin=U1-16
Added Pin To Net: NetName=3V3 Pin=U2-2
Added Net: Name=3V3
Added Pin To Net: NetName=5V_BATT Pin=D1-1
Added Net: Name=5V_BATT
Added Pin To Net: NetName=5V Pin=C1-2
Added Pin To Net: NetName=5V Pin=J1-1
Added Pin To Net: NetName=5V Pin=R1-1
Added Pin To Net: NetName=5V Pin=R4-2
Added Pin To Net: NetName=5V Pin=R6-1
Added Pin To Net: NetName=5V Pin=U2-3
Added Pin To Net: NetName=5V Pin=U3-2
Added Pin To Net: NetName=5V Pin=U4-12
Added Net: Name=5V
Added Pin To Net: NetName=BOOT Pin=P1-2
Added Pin To Net: NetName=BOOT Pin=R10-1
Added Pin To Net: NetName=BOOT Pin=U1-1
Added Net: Name=BOOT
Added Pin To Net: NetName=EN1 Pin=J1-2
Added Pin To Net: NetName=EN1 Pin=U1-6
Added Pin To Net: NetName=EN1 Pin=U3-3
Added Net: Name=EN1
Added Pin To Net: NetName=EN2 Pin=J1-3
Added Pin To Net: NetName=EN2 Pin=U1-7
Added Pin To Net: NetName=EN2 Pin=U3-4
Added Net: Name=EN2
Added Pin To Net: NetName=GND Pin=C1-1
Added Pin To Net: NetName=GND Pin=C2-1
Added Pin To Net: NetName=GND Pin=C3-1
Added Pin To Net: NetName=GND Pin=C5-1
Added Pin To Net: NetName=GND Pin=C6-1
Added Pin To Net: NetName=GND Pin=C7-1
Added Pin To Net: NetName=GND Pin=C8-1
Added Pin To Net: NetName=GND Pin=C9-1
Added Pin To Net: NetName=GND Pin=J1-10
Added Pin To Net: NetName=GND Pin=J2-5
Added Pin To Net: NetName=GND Pin=J2-10
Added Pin To Net: NetName=GND Pin=LED1-2
Added Pin To Net: NetName=GND Pin=LED2-2
Added Pin To Net: NetName=GND Pin=P1-3
Added Pin To Net: NetName=GND Pin=P2-2
Added Pin To Net: NetName=GND Pin=P3-5
Added Pin To Net: NetName=GND Pin=TP2-1
Added Pin To Net: NetName=GND Pin=U1-15
Added Pin To Net: NetName=GND Pin=U2-1
Added Pin To Net: NetName=GND Pin=U3-1
Added Pin To Net: NetName=GND Pin=U4-5
Added Pin To Net: NetName=GND Pin=U4-13
Added Pin To Net: NetName=GND Pin=USB1-4
Added Pin To Net: NetName=GND Pin=USB1-5
Added Net: Name=GND
Added Pin To Net: NetName=LED_PWR Pin=R9-1
Added Pin To Net: NetName=LED_PWR Pin=U3-7
Added Net: Name=LED_PWR
Added Pin To Net: NetName=NetC4_1 Pin=R13-2
Added Pin To Net: NetName=NetC4_1 Pin=U1-4
Added Net: Name=NetC4_1
Added Pin To Net: NetName=NetC5_2 Pin=C5-2
Added Pin To Net: NetName=NetC5_2 Pin=U1-2
Added Pin To Net: NetName=NetC5_2 Pin=X1-2
Added Net: Name=NetC5_2
Added Pin To Net: NetName=NetC6_2 Pin=C6-2
Added Pin To Net: NetName=NetC6_2 Pin=U1-3
Added Pin To Net: NetName=NetC6_2 Pin=X1-1
Added Net: Name=NetC6_2
Added Pin To Net: NetName=NetC9_2 Pin=C9-2
Added Pin To Net: NetName=NetC9_2 Pin=U4-3
Added Pin To Net: NetName=NetC9_2 Pin=U4-10
Added Pin To Net: NetName=NetC9_2 Pin=U4-11
Added Net: Name=NetC9_2
Added Pin To Net: NetName=NetC10_2 Pin=C10-2
Added Pin To Net: NetName=NetC10_2 Pin=P3-3
Added Net: Name=NetC10_2
Added Pin To Net: NetName=NetD1_2 Pin=D1-2
Added Pin To Net: NetName=NetD1_2 Pin=D2-2
Added Pin To Net: NetName=NetD1_2 Pin=R1-2
Added Net: Name=NetD1_2
Added Pin To Net: NetName=NetD2_1 Pin=D2-1
Added Pin To Net: NetName=NetD2_1 Pin=USB1-1
Added Net: Name=NetD2_1
Added Pin To Net: NetName=NetJ2_1 Pin=J2-1
Added Pin To Net: NetName=NetJ2_1 Pin=J2-2
Added Pin To Net: NetName=NetJ2_1 Pin=R5-2
Added Net: Name=NetJ2_1
Added Pin To Net: NetName=NetJ2_6 Pin=J2-6
Added Pin To Net: NetName=NetJ2_6 Pin=J2-7
Added Pin To Net: NetName=NetJ2_6 Pin=R6-2
Added Net: Name=NetJ2_6
Added Pin To Net: NetName=NetLED1_1 Pin=LED1-1
Added Pin To Net: NetName=NetLED1_1 Pin=R3-1
Added Net: Name=NetLED1_1
Added Pin To Net: NetName=NetLED2_1 Pin=LED2-1
Added Pin To Net: NetName=NetLED2_1 Pin=R4-1
Added Net: Name=NetLED2_1
Added Pin To Net: NetName=NetLED3_1 Pin=LED3-1
Added Pin To Net: NetName=NetLED3_1 Pin=R11-1
Added Net: Name=NetLED3_1
Added Pin To Net: NetName=NetLED3_2 Pin=LED3-2
Added Pin To Net: NetName=NetLED3_2 Pin=U4-7
Added Net: Name=NetLED3_2
Added Pin To Net: NetName=NetLED4_1 Pin=LED4-1
Added Pin To Net: NetName=NetLED4_1 Pin=R12-1
Added Net: Name=NetLED4_1
Added Pin To Net: NetName=NetLED4_2 Pin=LED4-2
Added Pin To Net: NetName=NetLED4_2 Pin=U4-16
Added Net: Name=NetLED4_2
Added Pin To Net: NetName=NetP2_1 Pin=P2-1
Added Pin To Net: NetName=NetP2_1 Pin=R9-2
Added Net: Name=NetP2_1
Added Pin To Net: NetName=NetR7_2 Pin=R7-2
Added Pin To Net: NetName=NetR7_2 Pin=U3-5
Added Net: Name=NetR7_2
Added Pin To Net: NetName=NetR8_2 Pin=R8-2
Added Pin To Net: NetName=NetR8_2 Pin=U3-8
Added Net: Name=NetR8_2
Added Pin To Net: NetName=NetR14_2 Pin=R14-2
Added Pin To Net: NetName=NetR14_2 Pin=U1-5
Added Net: Name=NetR14_2
Added Pin To Net: NetName=NetR15_2 Pin=R15-2
Added Pin To Net: NetName=NetR15_2 Pin=U4-9
Added Net: Name=NetR15_2
Added Pin To Net: NetName=NetR16_2 Pin=R16-2
Added Pin To Net: NetName=NetR16_2 Pin=U4-8
Added Net: Name=NetR16_2
Added Pin To Net: NetName=NetTP1_1 Pin=TP1-1
Added Pin To Net: NetName=NetTP1_1 Pin=U3-6
Added Net: Name=NetTP1_1
Added Pin To Net: NetName=PA4 Pin=J1-4
Added Pin To Net: NetName=PA4 Pin=U1-10
Added Net: Name=PA4
Added Pin To Net: NetName=PA5 Pin=J1-5
Added Pin To Net: NetName=PA5 Pin=U1-11
Added Net: Name=PA5
Added Pin To Net: NetName=PA6 Pin=J1-6
Added Pin To Net: NetName=PA6 Pin=U1-12
Added Net: Name=PA6
Added Pin To Net: NetName=PA7 Pin=J1-7
Added Pin To Net: NetName=PA7 Pin=U1-13
Added Net: Name=PA7
Added Pin To Net: NetName=PB1 Pin=J1-8
Added Pin To Net: NetName=PB1 Pin=U1-14
Added Net: Name=PB1
Added Pin To Net: NetName=RX Pin=J2-9
Added Pin To Net: NetName=RX Pin=U1-18
Added Net: Name=RX
Added Pin To Net: NetName=SWCLK Pin=P3-2
Added Pin To Net: NetName=SWCLK Pin=U1-20
Added Net: Name=SWCLK
Added Pin To Net: NetName=SWDAT Pin=C10-1
Added Pin To Net: NetName=SWDAT Pin=P3-4
Added Pin To Net: NetName=SWDAT Pin=U1-19
Added Net: Name=SWDAT
Added Pin To Net: NetName=TX Pin=J2-8
Added Pin To Net: NetName=TX Pin=U1-17
Added Net: Name=TX
Added Pin To Net: NetName=UART_RX Pin=J2-3
Added Pin To Net: NetName=UART_RX Pin=U1-9
Added Pin To Net: NetName=UART_RX Pin=U4-1
Added Net: Name=UART_RX
Added Pin To Net: NetName=UART_TX Pin=J2-4
Added Pin To Net: NetName=UART_TX Pin=U1-8
Added Pin To Net: NetName=UART_TX Pin=U4-4
Added Net: Name=UART_TX
Added Pin To Net: NetName=USB_D_N Pin=C7-2
Added Pin To Net: NetName=USB_D_N Pin=R15-1
Added Pin To Net: NetName=USB_D_N Pin=USB1-2
Added Net: Name=USB_D_N
Added Pin To Net: NetName=USB_D_P Pin=C8-2
Added Pin To Net: NetName=USB_D_P Pin=R2-2
Added Pin To Net: NetName=USB_D_P Pin=R16-1
Added Pin To Net: NetName=USB_D_P Pin=USB1-3
Added Net: Name=USB_D_P
Added Member To Class: ClassName=5v_led_charger Member=Component C1 0.1uF
Added Member To Class: ClassName=5v_led_charger Member=Component C2 47uF
Added Member To Class: ClassName=5v_led_charger Member=Component C3 0.1uF
Added Member To Class: ClassName=5v_led_charger Member=Component C5 CAP 6.8uF 6.3V 0603(1608)
Added Member To Class: ClassName=5v_led_charger Member=Component C6 CAP 6.8uF 6.3V 0603(1608)
Added Member To Class: ClassName=5v_led_charger Member=Component C7 47pF
Added Member To Class: ClassName=5v_led_charger Member=Component C8 47pF
Added Member To Class: ClassName=5v_led_charger Member=Component C9 0.1uF
Added Member To Class: ClassName=5v_led_charger Member=Component C10 1000pF
Added Member To Class: ClassName=5v_led_charger Member=Component D1 B340LB-13-F
Added Member To Class: ClassName=5v_led_charger Member=Component D2 B340LB-13-F
Added Member To Class: ClassName=5v_led_charger Member=Component J1 Header 10
Added Member To Class: ClassName=5v_led_charger Member=Component J2 Header 10
Added Member To Class: ClassName=5v_led_charger Member=Component LED1 LED2
Added Member To Class: ClassName=5v_led_charger Member=Component LED2
Added Member To Class: ClassName=5v_led_charger Member=Component LED3 LED2
Added Member To Class: ClassName=5v_led_charger Member=Component LED4 LED2
Added Member To Class: ClassName=5v_led_charger Member=Component P1 Header 3
Added Member To Class: ClassName=5v_led_charger Member=Component P2 Header 2
Added Member To Class: ClassName=5v_led_charger Member=Component P3 Header 5
Added Member To Class: ClassName=5v_led_charger Member=Component R1 0
Added Member To Class: ClassName=5v_led_charger Member=Component R2 1.5k
Added Member To Class: ClassName=5v_led_charger Member=Component R3 510
Added Member To Class: ClassName=5v_led_charger Member=Component R4 510
Added Member To Class: ClassName=5v_led_charger Member=Component R5 100
Added Member To Class: ClassName=5v_led_charger Member=Component R6 100
Added Member To Class: ClassName=5v_led_charger Member=Component R7 22
Added Member To Class: ClassName=5v_led_charger Member=Component R8 22
Added Member To Class: ClassName=5v_led_charger Member=Component R9 1k
Added Member To Class: ClassName=5v_led_charger Member=Component R10 10k
Added Member To Class: ClassName=5v_led_charger Member=Component R11 510
Added Member To Class: ClassName=5v_led_charger Member=Component R12 510
Added Member To Class: ClassName=5v_led_charger Member=Component R13 10k
Added Member To Class: ClassName=5v_led_charger Member=Component R14 0
Added Member To Class: ClassName=5v_led_charger Member=Component R15 22
Added Member To Class: ClassName=5v_led_charger Member=Component R16 22
Added Member To Class: ClassName=5v_led_charger Member=Component TP1 5V_BATT
Added Member To Class: ClassName=5v_led_charger Member=Component TP2 GND_BATT
Added Member To Class: ClassName=5v_led_charger Member=Component U1 STM32F030F4P6
Added Member To Class: ClassName=5v_led_charger Member=Component U2 AMS1117-3.3 SOT223
Added Member To Class: ClassName=5v_led_charger Member=Component U3 TI-TPS2066D8
Added Member To Class: ClassName=5v_led_charger Member=Component U4 FT230XS-U
Added Member To Class: ClassName=5v_led_charger Member=Component USB1 USB002
Added Member To Class: ClassName=5v_led_charger Member=Component X1 8MHz
Added Room: Name=5v_led_charger
