Removed Pin From Net: NetName=GND Pin=C5-1
Removed Pin From Net: NetName=NetC5_2 Pin=C5-2
Removed Pin From Net: NetName=GND Pin=C6-1
Removed Pin From Net: NetName=NetC6_2 Pin=C6-2
Change Component DesignItemId : Designator=C5 Old DesignItemId=CMP-1035-02791-1 New DesignItemId=Cap
Change Component DesignItemId : Designator=C6 Old DesignItemId=CMP-1035-02791-1 New DesignItemId=Cap
Change Component Footprint: Designator=C5 Old Footprint=CAPC0603(1608)100_N New Footprint=1608[0603]
Change Component Footprint: Designator=C6 Old Footprint=CAPC0603(1608)100_N New Footprint=1608[0603]
Change Component Comment : Designator=C5 Old Comment=CAP 6.8uF 6.3V 0603(1608) New Comment=20uF
Change Component Comment : Designator=C6 Old Comment=CAP 6.8uF 6.3V 0603(1608) New Comment=20uF
Change Component Library : Designator=C5 Old Library=Miscellaneous Devices.SchLib New Library=Miscellaneous Devices.SchLib
Change Component Library : Designator=C6 Old Library=Miscellaneous Devices.SchLib New Library=Miscellaneous Devices.SchLib
Added Pin To Net: NetName=NetC5_2 Pin=C5-1
Added Pin To Net: NetName=GND Pin=C5-2
Added Pin To Net: NetName=NetC6_2 Pin=C6-1
Added Pin To Net: NetName=GND Pin=C6-2
Change Net Name : Old Net Name=NetC5_2 New Net Name=NetC5_1
Change Net Name : Old Net Name=NetC6_2 New Net Name=NetC6_1
Added Member To Class: ClassName=5v_led_charger Member=Component U1 STM32F030F4P6
Added Room: Name=5v_led_charger
